Copyright 1986-2019 Xilinx, Inc. All Rights Reserved.
----------------------------------------------------------------------------------------
| Tool Version : Vivado v.2019.2 (win64) Build 2708876 Wed Nov  6 21:40:23 MST 2019
| Date         : Tue Apr 21 17:53:24 2020
| Host         : DESKTOP-2HQ1RBR running 64-bit major release  (build 9200)
| Command      : report_clock_utilization -file nexys4_top_clock_utilization_routed.rpt
| Design       : nexys4_top
| Device       : 7a100t-csg324
| Speed File   : -1  PRODUCTION 1.23 2018-06-13
| Design State : Routed
----------------------------------------------------------------------------------------

Clock Utilization Report

Table of Contents
-----------------
1. Clock Primitive Utilization
2. Global Clock Resources
3. Global Clock Source Details
4. Clock Regions: Key Resource Utilization
5. Clock Regions : Global Clock Summary
6. Device Cell Placement Summary for Global Clock g0
7. Device Cell Placement Summary for Global Clock g1
8. Device Cell Placement Summary for Global Clock g2
9. Device Cell Placement Summary for Global Clock g3
10. Device Cell Placement Summary for Global Clock g4
11. Device Cell Placement Summary for Global Clock g5
12. Device Cell Placement Summary for Global Clock g6
13. Device Cell Placement Summary for Global Clock g7
14. Device Cell Placement Summary for Global Clock g8
15. Clock Region Cell Placement per Global Clock: Region X0Y0
16. Clock Region Cell Placement per Global Clock: Region X1Y0
17. Clock Region Cell Placement per Global Clock: Region X0Y1
18. Clock Region Cell Placement per Global Clock: Region X1Y1
19. Clock Region Cell Placement per Global Clock: Region X0Y2
20. Clock Region Cell Placement per Global Clock: Region X1Y2
21. Clock Region Cell Placement per Global Clock: Region X0Y3

1. Clock Primitive Utilization
------------------------------

+----------+------+-----------+-----+--------------+--------+
| Type     | Used | Available | LOC | Clock Region | Pblock |
+----------+------+-----------+-----+--------------+--------+
| BUFGCTRL |    9 |        32 |   0 |            0 |      0 |
| BUFH     |    0 |        96 |   0 |            0 |      0 |
| BUFIO    |    0 |        24 |   0 |            0 |      0 |
| BUFMR    |    0 |        12 |   0 |            0 |      0 |
| BUFR     |    0 |        24 |   0 |            0 |      0 |
| MMCM     |    0 |         6 |   0 |            0 |      0 |
| PLL      |    4 |         6 |   0 |            0 |      0 |
+----------+------+-----------+-----+--------------+--------+


2. Global Clock Resources
-------------------------

+-----------+-----------+-----------------+------------+----------------+--------------+-------------------+-------------+-----------------+--------------+-------------+-------------------------------------------------------------------------------------------+-----------------------------------------------------------------------+
| Global Id | Source Id | Driver Type/Pin | Constraint | Site           | Clock Region | Load Clock Region | Clock Loads | Non-Clock Loads | Clock Period | Clock       | Driver Pin                                                                                | Net                                                                   |
+-----------+-----------+-----------------+------------+----------------+--------------+-------------------+-------------+-----------------+--------------+-------------+-------------------------------------------------------------------------------------------+-----------------------------------------------------------------------+
| g0        | src0      | BUFG/O          | None       | BUFGCTRL_X0Y16 | n/a          |                 6 |        3084 |               0 |       14.286 | clk_nobuf   | clkgen0/xc7l.v/bufgclk0/O                                                                 | clkgen0/xc7l.v/in0                                                    |
| g1        | src1      | BUFG/O          | None       | BUFGCTRL_X0Y0  | n/a          |                 5 |         453 |               0 |        7.143 | mclkfx      | ddrc/nftphy.ddr_phy0/ddr_phy0/seppads.phywop/xc4v.ddr_phy0/clkscale.bufg0/O               | ddrc/nftphy.ddr_phy0/ddr_phy0/seppads.phywop/xc4v.ddr_phy0/CLK        |
| g2        | src2      | BUFG/O          | None       | BUFGCTRL_X0Y4  | n/a          |                 2 |         117 |               0 |              |             | ahbjtag0/gtckbuf.tckbuf/xil.xil0/buf2.buf/O                                               | ahbjtag0/gtckbuf.tckbuf/xil.xil0/CLK                                  |
| g3        | src3      | BUFG/O          | None       | BUFGCTRL_X0Y1  | n/a          |                 3 |          41 |               0 |        7.143 | clk_180temp | ddrc/nftphy.ddr_phy0/ddr_phy0/seppads.phywop/xc4v.ddr_phy0/V7_dll.bufg3/O                 | ddrc/nftphy.ddr_phy0/ddr_phy0/seppads.phywop/xc4v.ddr_phy0/clk180r    |
| g4        | src3      | BUFG/O          | None       | BUFGCTRL_X0Y2  | n/a          |                 2 |           5 |               0 |        7.143 | clk_90ro    | ddrc/nftphy.ddr_phy0/ddr_phy0/seppads.phywop/xc4v.ddr_phy0/bufg2/O                        | ddrc/nftphy.ddr_phy0/ddr_phy0/seppads.phywop/xc4v.ddr_phy0/clk90r     |
| g5        | src4      | BUFG/O          | None       | BUFGCTRL_X0Y3  | n/a          |                 2 |           2 |               0 |        5.042 | I           | ddrc/nftphy.ddr_phy0/ddr_phy0/seppads.phywop/xc4v.ddr_phy0/norefclkx.bufg0/O              | ddrc/nftphy.ddr_phy0/ddr_phy0/seppads.phywop/xc4v.ddr_phy0/clk200     |
| g6        | src1      | BUFG/O          | None       | BUFGCTRL_X0Y6  | n/a          |                 1 |           1 |               0 |       14.286 | ddrdllfbout | ddrc/nftphy.ddr_phy0/ddr_phy0/seppads.phywop/xc4v.ddr_phy0/clkscale.V7_ddrdll.bufg1_fb/O  | ddrc/nftphy.ddr_phy0/ddr_phy0/seppads.phywop/xc4v.ddr_phy0/ddrdllfbin |
| g7        | src3      | BUFG/O          | None       | BUFGCTRL_X0Y5  | n/a          |                 1 |           1 |               0 |        7.143 | dllfbout    | ddrc/nftphy.ddr_phy0/ddr_phy0/seppads.phywop/xc4v.ddr_phy0/V7_dll.bufg2/O                 | ddrc/nftphy.ddr_phy0/ddr_phy0/seppads.phywop/xc4v.ddr_phy0/dllfbin    |
| g8        | src4      | BUFG/O          | None       | BUFGCTRL_X0Y7  | n/a          |                 1 |           1 |               0 |       14.286 | refdllfbout | ddrc/nftphy.ddr_phy0/ddr_phy0/seppads.phywop/xc4v.ddr_phy0/norefclkx.V7_refdll.bufg0_fb/O | ddrc/nftphy.ddr_phy0/ddr_phy0/seppads.phywop/xc4v.ddr_phy0/refdllfbin |
+-----------+-----------+-----------------+------------+----------------+--------------+-------------------+-------------+-----------------+--------------+-------------+-------------------------------------------------------------------------------------------+-----------------------------------------------------------------------+
* Clock Loads column represents the clock pin loads (pin count)
** Non-Clock Loads column represents the non-clock pin loads (pin count)


3. Global Clock Source Details
------------------------------

+-----------+-----------+--------------------+------------+----------------+--------------+-------------+-----------------+---------------------+--------------+--------------------------------------------------------------------------------------------------------+------------------------------------------------------------------------+
| Source Id | Global Id | Driver Type/Pin    | Constraint | Site           | Clock Region | Clock Loads | Non-Clock Loads | Source Clock Period | Source Clock | Driver Pin                                                                                             | Net                                                                    |
+-----------+-----------+--------------------+------------+----------------+--------------+-------------+-----------------+---------------------+--------------+--------------------------------------------------------------------------------------------------------+------------------------------------------------------------------------+
| src0      | g0        | PLLE2_ADV/CLKOUT0  | None       | PLLE2_ADV_X1Y2 | X1Y2         |           1 |               0 |              14.286 | clk_nobuf    | clkgen0/xc7l.v/PLLE2_ADV_inst/CLKOUT0                                                                  | clkgen0/xc7l.v/clk_nobuf                                               |
| src1      | g6        | PLLE2_ADV/CLKFBOUT | None       | PLLE2_ADV_X0Y1 | X0Y1         |           1 |               0 |              14.286 | ddrdllfbout  | ddrc/nftphy.ddr_phy0/ddr_phy0/seppads.phywop/xc4v.ddr_phy0/clkscale.V7_ddrdll.PLLE2_ADV_inst/CLKFBOUT  | ddrc/nftphy.ddr_phy0/ddr_phy0/seppads.phywop/xc4v.ddr_phy0/ddrdllfbout |
| src1      | g1        | PLLE2_ADV/CLKOUT0  | None       | PLLE2_ADV_X0Y1 | X0Y1         |           1 |               0 |               7.143 | mclkfx       | ddrc/nftphy.ddr_phy0/ddr_phy0/seppads.phywop/xc4v.ddr_phy0/clkscale.V7_ddrdll.PLLE2_ADV_inst/CLKOUT0   | ddrc/nftphy.ddr_phy0/ddr_phy0/seppads.phywop/xc4v.ddr_phy0/mclkfx      |
| src2      | g2        | BSCANE2/TCK        | None       | BSCAN_X0Y0     | X0Y1         |           1 |               0 |                     |              | ahbjtag0/tap0/ac7v.u0/u0/TCK                                                                           | ahbjtag0/tap0/ac7v.u0/lltck                                            |
| src3      | g3        | PLLE2_ADV/CLKOUT2  | None       | PLLE2_ADV_X1Y1 | X1Y1         |           1 |               0 |               7.143 | clk_180temp  | ddrc/nftphy.ddr_phy0/ddr_phy0/seppads.phywop/xc4v.ddr_phy0/V7_dll.PLLE2_ADV_inst/CLKOUT2               | ddrc/nftphy.ddr_phy0/ddr_phy0/seppads.phywop/xc4v.ddr_phy0/clk_180temp |
| src3      | g4        | PLLE2_ADV/CLKOUT1  | None       | PLLE2_ADV_X1Y1 | X1Y1         |           1 |               0 |               7.143 | clk_90ro     | ddrc/nftphy.ddr_phy0/ddr_phy0/seppads.phywop/xc4v.ddr_phy0/V7_dll.PLLE2_ADV_inst/CLKOUT1               | ddrc/nftphy.ddr_phy0/ddr_phy0/seppads.phywop/xc4v.ddr_phy0/clk_90ro    |
| src3      | g7        | PLLE2_ADV/CLKFBOUT | None       | PLLE2_ADV_X1Y1 | X1Y1         |           1 |               0 |               7.143 | dllfbout     | ddrc/nftphy.ddr_phy0/ddr_phy0/seppads.phywop/xc4v.ddr_phy0/V7_dll.PLLE2_ADV_inst/CLKFBOUT              | ddrc/nftphy.ddr_phy0/ddr_phy0/seppads.phywop/xc4v.ddr_phy0/dllfbout    |
| src4      | g5        | PLLE2_ADV/CLKOUT0  | None       | PLLE2_ADV_X0Y0 | X0Y0         |           1 |               0 |               5.042 | I            | ddrc/nftphy.ddr_phy0/ddr_phy0/seppads.phywop/xc4v.ddr_phy0/norefclkx.V7_refdll.PLLE2_ADV_inst/CLKOUT0  | ddrc/nftphy.ddr_phy0/ddr_phy0/seppads.phywop/xc4v.ddr_phy0/I           |
| src4      | g8        | PLLE2_ADV/CLKFBOUT | None       | PLLE2_ADV_X0Y0 | X0Y0         |           1 |               0 |              14.286 | refdllfbout  | ddrc/nftphy.ddr_phy0/ddr_phy0/seppads.phywop/xc4v.ddr_phy0/norefclkx.V7_refdll.PLLE2_ADV_inst/CLKFBOUT | ddrc/nftphy.ddr_phy0/ddr_phy0/seppads.phywop/xc4v.ddr_phy0/refdllfbout |
+-----------+-----------+--------------------+------------+----------------+--------------+-------------+-----------------+---------------------+--------------+--------------------------------------------------------------------------------------------------------+------------------------------------------------------------------------+
* Clock Loads column represents the clock pin loads (pin count)
** Non-Clock Loads column represents the non-clock pin loads (pin count)


4. Clock Regions: Key Resource Utilization
------------------------------------------

+-------------------+--------------+--------------+--------------+--------------+--------------+--------------+--------------+--------------+--------------+--------------+--------------+--------------+--------------+--------------+--------------+
|                   | Global Clock |     BUFRs    |    BUFMRs    |    BUFIOs    |     MMCM     |      PLL     |      GT      |      PCI     |    ILOGIC    |    OLOGIC    |      FF      |     LUTM     |    RAMB18    |    RAMB36    |    DSP48E2   |
+-------------------+------+-------+------+-------+------+-------+------+-------+------+-------+------+-------+------+-------+------+-------+------+-------+------+-------+------+-------+------+-------+------+-------+------+-------+------+-------+
| Clock Region Name | Used | Avail | Used | Avail | Used | Avail | Used | Avail | Used | Avail | Used | Avail | Used | Avail | Used | Avail | Used | Avail | Used | Avail | Used | Avail | Used | Avail | Used | Avail | Used | Avail | Used | Avail |
+-------------------+------+-------+------+-------+------+-------+------+-------+------+-------+------+-------+------+-------+------+-------+------+-------+------+-------+------+-------+------+-------+------+-------+------+-------+------+-------+
| X0Y0              |    2 |    12 |    0 |     4 |    0 |     2 |    0 |     4 |    0 |     1 |    1 |     1 |    0 |     0 |    0 |     0 |    0 |    50 |    0 |    50 |    0 |  2600 |    0 |   600 |    0 |    20 |    0 |    10 |    0 |    20 |
| X1Y0              |    1 |    12 |    0 |     0 |    0 |     0 |    0 |     0 |    0 |     0 |    0 |     0 |    0 |     4 |    0 |     0 |    0 |     0 |    0 |     0 |    0 |  1500 |    0 |   550 |    2 |    40 |    1 |    20 |    0 |    40 |
| X0Y1              |    4 |    12 |    0 |     4 |    0 |     2 |    0 |     4 |    0 |     1 |    1 |     1 |    0 |     0 |    0 |     0 |    0 |    50 |    0 |    50 | 1528 |  2000 |  424 |   600 |    0 |    20 |    2 |    10 |    0 |    20 |
| X1Y1              |    7 |    12 |    0 |     4 |    0 |     2 |    0 |     4 |    0 |     1 |    1 |     1 |    0 |     0 |    0 |     0 |    0 |    50 |   42 |    50 | 1343 |  1900 |  521 |   650 |    7 |    60 |    9 |    30 |    1 |    40 |
| X0Y2              |    2 |    12 |    0 |     4 |    0 |     2 |    0 |     4 |    0 |     1 |    0 |     1 |    0 |     0 |    0 |     0 |    0 |    50 |    0 |    50 |  237 |  2000 |   60 |   600 |    0 |    20 |    0 |    10 |    0 |    20 |
| X1Y2              |    4 |    12 |    0 |     4 |    0 |     2 |    0 |     4 |    0 |     1 |    0 |     1 |    0 |     0 |    0 |     0 |    0 |    50 |    0 |    50 |  424 |  1900 |  188 |   650 |    0 |    60 |    0 |    30 |    0 |    40 |
| X0Y3              |    3 |    12 |    0 |     4 |    0 |     2 |    0 |     4 |    0 |     1 |    0 |     1 |    0 |     0 |    0 |     0 |   16 |    50 |    0 |    50 |   16 |  2600 |    4 |   600 |    0 |    20 |    0 |    10 |    0 |    20 |
| X1Y3              |    0 |    12 |    0 |     0 |    0 |     0 |    0 |     0 |    0 |     0 |    0 |     0 |    0 |     4 |    0 |     1 |    0 |     0 |    0 |     0 |    0 |  1350 |    0 |   500 |    0 |    30 |    0 |    15 |    0 |    40 |
+-------------------+------+-------+------+-------+------+-------+------+-------+------+-------+------+-------+------+-------+------+-------+------+-------+------+-------+------+-------+------+-------+------+-------+------+-------+------+-------+
* Global Clock column represents track count; while other columns represents cell counts


5. Clock Regions : Global Clock Summary
---------------------------------------

All Modules
+----+----+----+
|    | X0 | X1 |
+----+----+----+
| Y3 |  3 |  0 |
| Y2 |  2 |  4 |
| Y1 |  4 |  7 |
| Y0 |  2 |  1 |
+----+----+----+


6. Device Cell Placement Summary for Global Clock g0
----------------------------------------------------

+-----------+-----------------+-------------------+-----------+-------------+---------------+-------------+----------+----------------+----------+--------------------+
| Global Id | Driver Type/Pin | Driver Region (D) | Clock     | Period (ns) | Waveform (ns) | Slice Loads | IO Loads | Clocking Loads | GT Loads | Net                |
+-----------+-----------------+-------------------+-----------+-------------+---------------+-------------+----------+----------------+----------+--------------------+
| g0        | BUFG/O          | n/a               | clk_nobuf |      14.286 | {0.000 7.143} |        3062 |        0 |              2 |        0 | clkgen0/xc7l.v/in0 |
+-----------+-----------------+-------------------+-----------+-------------+---------------+-------------+----------+----------------+----------+--------------------+
* Slice Loads column represents load cell count of all cell types other than IO, GT and clock resources
** IO Loads column represents load cell count of IO types
*** Clocking Loads column represents load cell count that are clock resources (global clock buffer, MMCM, PLL, etc)
**** GT Loads column represents load cell count of GT types


+----+-------+-------+
|    | X0    | X1    |
+----+-------+-------+
| Y3 |     0 |     0 |
| Y2 |   229 |   131 |
| Y1 |  1429 |  1270 |
| Y0 |     1 |     4 |
+----+-------+-------+


7. Device Cell Placement Summary for Global Clock g1
----------------------------------------------------

+-----------+-----------------+-------------------+--------+-------------+---------------+-------------+----------+----------------+----------+----------------------------------------------------------------+
| Global Id | Driver Type/Pin | Driver Region (D) | Clock  | Period (ns) | Waveform (ns) | Slice Loads | IO Loads | Clocking Loads | GT Loads | Net                                                            |
+-----------+-----------------+-------------------+--------+-------------+---------------+-------------+----------+----------------+----------+----------------------------------------------------------------+
| g1        | BUFG/O          | n/a               | mclkfx |       7.143 | {0.000 3.571} |         446 |        0 |              1 |        0 | ddrc/nftphy.ddr_phy0/ddr_phy0/seppads.phywop/xc4v.ddr_phy0/CLK |
+-----------+-----------------+-------------------+--------+-------------+---------------+-------------+----------+----------------+----------+----------------------------------------------------------------+
* Slice Loads column represents load cell count of all cell types other than IO, GT and clock resources
** IO Loads column represents load cell count of IO types
*** Clocking Loads column represents load cell count that are clock resources (global clock buffer, MMCM, PLL, etc)
**** GT Loads column represents load cell count of GT types


+----+-----+------+
|    | X0  | X1   |
+----+-----+------+
| Y3 |  32 |    0 |
| Y2 |   8 |  287 |
| Y1 |   4 |  116 |
| Y0 |   0 |    0 |
+----+-----+------+


8. Device Cell Placement Summary for Global Clock g2
----------------------------------------------------

+-----------+-----------------+-------------------+-------+-------------+---------------+-------------+----------+----------------+----------+--------------------------------------+
| Global Id | Driver Type/Pin | Driver Region (D) | Clock | Period (ns) | Waveform (ns) | Slice Loads | IO Loads | Clocking Loads | GT Loads | Net                                  |
+-----------+-----------------+-------------------+-------+-------------+---------------+-------------+----------+----------------+----------+--------------------------------------+
| g2        | BUFG/O          | n/a               |       |             |               |         117 |        0 |              0 |        0 | ahbjtag0/gtckbuf.tckbuf/xil.xil0/CLK |
+-----------+-----------------+-------------------+-------+-------------+---------------+-------------+----------+----------------+----------+--------------------------------------+
* Slice Loads column represents load cell count of all cell types other than IO, GT and clock resources
** IO Loads column represents load cell count of IO types
*** Clocking Loads column represents load cell count that are clock resources (global clock buffer, MMCM, PLL, etc)
**** GT Loads column represents load cell count of GT types


+----+------+-----+
|    | X0   | X1  |
+----+------+-----+
| Y3 |    0 |   0 |
| Y2 |    0 |   0 |
| Y1 |  100 |  17 |
| Y0 |    0 |   0 |
+----+------+-----+


9. Device Cell Placement Summary for Global Clock g3
----------------------------------------------------

+-----------+-----------------+-------------------+-------------+-------------+---------------+-------------+----------+----------------+----------+--------------------------------------------------------------------+
| Global Id | Driver Type/Pin | Driver Region (D) | Clock       | Period (ns) | Waveform (ns) | Slice Loads | IO Loads | Clocking Loads | GT Loads | Net                                                                |
+-----------+-----------------+-------------------+-------------+-------------+---------------+-------------+----------+----------------+----------+--------------------------------------------------------------------+
| g3        | BUFG/O          | n/a               | clk_180temp |       7.143 | {3.571 7.143} |          41 |        0 |              0 |        0 | ddrc/nftphy.ddr_phy0/ddr_phy0/seppads.phywop/xc4v.ddr_phy0/clk180r |
+-----------+-----------------+-------------------+-------------+-------------+---------------+-------------+----------+----------------+----------+--------------------------------------------------------------------+
* Slice Loads column represents load cell count of all cell types other than IO, GT and clock resources
** IO Loads column represents load cell count of IO types
*** Clocking Loads column represents load cell count that are clock resources (global clock buffer, MMCM, PLL, etc)
**** GT Loads column represents load cell count of GT types


+----+-----+-----+
|    | X0  | X1  |
+----+-----+-----+
| Y3 |  16 |   0 |
| Y2 |   0 |   4 |
| Y1 |   0 |  21 |
| Y0 |   0 |   0 |
+----+-----+-----+


10. Device Cell Placement Summary for Global Clock g4
-----------------------------------------------------

+-----------+-----------------+-------------------+----------+-------------+---------------+-------------+----------+----------------+----------+-------------------------------------------------------------------+
| Global Id | Driver Type/Pin | Driver Region (D) | Clock    | Period (ns) | Waveform (ns) | Slice Loads | IO Loads | Clocking Loads | GT Loads | Net                                                               |
+-----------+-----------------+-------------------+----------+-------------+---------------+-------------+----------+----------------+----------+-------------------------------------------------------------------+
| g4        | BUFG/O          | n/a               | clk_90ro |       7.143 | {1.786 5.357} |           5 |        0 |              0 |        0 | ddrc/nftphy.ddr_phy0/ddr_phy0/seppads.phywop/xc4v.ddr_phy0/clk90r |
+-----------+-----------------+-------------------+----------+-------------+---------------+-------------+----------+----------------+----------+-------------------------------------------------------------------+
* Slice Loads column represents load cell count of all cell types other than IO, GT and clock resources
** IO Loads column represents load cell count of IO types
*** Clocking Loads column represents load cell count that are clock resources (global clock buffer, MMCM, PLL, etc)
**** GT Loads column represents load cell count of GT types


+----+----+----+
|    | X0 | X1 |
+----+----+----+
| Y3 |  0 |  0 |
| Y2 |  0 |  2 |
| Y1 |  0 |  3 |
| Y0 |  0 |  0 |
+----+----+----+


11. Device Cell Placement Summary for Global Clock g5
-----------------------------------------------------

+-----------+-----------------+-------------------+-------+-------------+---------------+-------------+----------+----------------+----------+-------------------------------------------------------------------+
| Global Id | Driver Type/Pin | Driver Region (D) | Clock | Period (ns) | Waveform (ns) | Slice Loads | IO Loads | Clocking Loads | GT Loads | Net                                                               |
+-----------+-----------------+-------------------+-------+-------------+---------------+-------------+----------+----------------+----------+-------------------------------------------------------------------+
| g5        | BUFG/O          | n/a               | I     |       5.042 | {0.000 2.521} |           2 |        0 |              0 |        0 | ddrc/nftphy.ddr_phy0/ddr_phy0/seppads.phywop/xc4v.ddr_phy0/clk200 |
+-----------+-----------------+-------------------+-------+-------------+---------------+-------------+----------+----------------+----------+-------------------------------------------------------------------+
* Slice Loads column represents load cell count of all cell types other than IO, GT and clock resources
** IO Loads column represents load cell count of IO types
*** Clocking Loads column represents load cell count that are clock resources (global clock buffer, MMCM, PLL, etc)
**** GT Loads column represents load cell count of GT types


+----+----+----+
|    | X0 | X1 |
+----+----+----+
| Y3 |  1 |  0 |
| Y2 |  0 |  0 |
| Y1 |  0 |  1 |
| Y0 |  0 |  0 |
+----+----+----+


12. Device Cell Placement Summary for Global Clock g6
-----------------------------------------------------

+-----------+-----------------+-------------------+-------------+-------------+---------------+-------------+----------+----------------+----------+-----------------------------------------------------------------------+
| Global Id | Driver Type/Pin | Driver Region (D) | Clock       | Period (ns) | Waveform (ns) | Slice Loads | IO Loads | Clocking Loads | GT Loads | Net                                                                   |
+-----------+-----------------+-------------------+-------------+-------------+---------------+-------------+----------+----------------+----------+-----------------------------------------------------------------------+
| g6        | BUFG/O          | n/a               | ddrdllfbout |      14.286 | {0.000 7.143} |           0 |        0 |              1 |        0 | ddrc/nftphy.ddr_phy0/ddr_phy0/seppads.phywop/xc4v.ddr_phy0/ddrdllfbin |
+-----------+-----------------+-------------------+-------------+-------------+---------------+-------------+----------+----------------+----------+-----------------------------------------------------------------------+
* Slice Loads column represents load cell count of all cell types other than IO, GT and clock resources
** IO Loads column represents load cell count of IO types
*** Clocking Loads column represents load cell count that are clock resources (global clock buffer, MMCM, PLL, etc)
**** GT Loads column represents load cell count of GT types


+----+----+----+
|    | X0 | X1 |
+----+----+----+
| Y3 |  0 |  0 |
| Y2 |  0 |  0 |
| Y1 |  1 |  0 |
| Y0 |  0 |  0 |
+----+----+----+


13. Device Cell Placement Summary for Global Clock g7
-----------------------------------------------------

+-----------+-----------------+-------------------+----------+-------------+---------------+-------------+----------+----------------+----------+--------------------------------------------------------------------+
| Global Id | Driver Type/Pin | Driver Region (D) | Clock    | Period (ns) | Waveform (ns) | Slice Loads | IO Loads | Clocking Loads | GT Loads | Net                                                                |
+-----------+-----------------+-------------------+----------+-------------+---------------+-------------+----------+----------------+----------+--------------------------------------------------------------------+
| g7        | BUFG/O          | n/a               | dllfbout |       7.143 | {0.000 3.571} |           0 |        0 |              1 |        0 | ddrc/nftphy.ddr_phy0/ddr_phy0/seppads.phywop/xc4v.ddr_phy0/dllfbin |
+-----------+-----------------+-------------------+----------+-------------+---------------+-------------+----------+----------------+----------+--------------------------------------------------------------------+
* Slice Loads column represents load cell count of all cell types other than IO, GT and clock resources
** IO Loads column represents load cell count of IO types
*** Clocking Loads column represents load cell count that are clock resources (global clock buffer, MMCM, PLL, etc)
**** GT Loads column represents load cell count of GT types


+----+----+----+
|    | X0 | X1 |
+----+----+----+
| Y3 |  0 |  0 |
| Y2 |  0 |  0 |
| Y1 |  0 |  1 |
| Y0 |  0 |  0 |
+----+----+----+


14. Device Cell Placement Summary for Global Clock g8
-----------------------------------------------------

+-----------+-----------------+-------------------+-------------+-------------+---------------+-------------+----------+----------------+----------+-----------------------------------------------------------------------+
| Global Id | Driver Type/Pin | Driver Region (D) | Clock       | Period (ns) | Waveform (ns) | Slice Loads | IO Loads | Clocking Loads | GT Loads | Net                                                                   |
+-----------+-----------------+-------------------+-------------+-------------+---------------+-------------+----------+----------------+----------+-----------------------------------------------------------------------+
| g8        | BUFG/O          | n/a               | refdllfbout |      14.286 | {0.000 7.143} |           0 |        0 |              1 |        0 | ddrc/nftphy.ddr_phy0/ddr_phy0/seppads.phywop/xc4v.ddr_phy0/refdllfbin |
+-----------+-----------------+-------------------+-------------+-------------+---------------+-------------+----------+----------------+----------+-----------------------------------------------------------------------+
* Slice Loads column represents load cell count of all cell types other than IO, GT and clock resources
** IO Loads column represents load cell count of IO types
*** Clocking Loads column represents load cell count that are clock resources (global clock buffer, MMCM, PLL, etc)
**** GT Loads column represents load cell count of GT types


+----+----+----+
|    | X0 | X1 |
+----+----+----+
| Y3 |  0 |  0 |
| Y2 |  0 |  0 |
| Y1 |  0 |  0 |
| Y0 |  1 |  0 |
+----+----+----+


15. Clock Region Cell Placement per Global Clock: Region X0Y0
-------------------------------------------------------------

+-----------+-------+-----------------+------------+-------------+-----------------+----+--------+------+-----+----+------+-----+---------+-----------------------------------------------------------------------+
| Global Id | Track | Driver Type/Pin | Constraint | Clock Loads | Non-Clock Loads | FF | LUTRAM | RAMB | DSP | GT | MMCM | PLL | Hard IP | Net                                                                   |
+-----------+-------+-----------------+------------+-------------+-----------------+----+--------+------+-----+----+------+-----+---------+-----------------------------------------------------------------------+
| g0        | n/a   | BUFG/O          | None       |           1 |               0 |  0 |      0 |    0 |   0 |  0 |    0 |   1 |       0 | clkgen0/xc7l.v/in0                                                    |
| g8        | n/a   | BUFG/O          | None       |           1 |               0 |  0 |      0 |    0 |   0 |  0 |    0 |   1 |       0 | ddrc/nftphy.ddr_phy0/ddr_phy0/seppads.phywop/xc4v.ddr_phy0/refdllfbin |
+-----------+-------+-----------------+------------+-------------+-----------------+----+--------+------+-----+----+------+-----+---------+-----------------------------------------------------------------------+
* Clock Loads column represents the clock pin loads (pin count)
** Non-Clock Loads column represents the non-clock pin loads (pin count)
*** Columns FF, LUTRAM, RAMB through 'Hard IP' represents load cell counts


16. Clock Region Cell Placement per Global Clock: Region X1Y0
-------------------------------------------------------------

+-----------+-------+-----------------+------------+-------------+-----------------+----+--------+------+-----+----+------+-----+---------+--------------------+
| Global Id | Track | Driver Type/Pin | Constraint | Clock Loads | Non-Clock Loads | FF | LUTRAM | RAMB | DSP | GT | MMCM | PLL | Hard IP | Net                |
+-----------+-------+-----------------+------------+-------------+-----------------+----+--------+------+-----+----+------+-----+---------+--------------------+
| g0        | n/a   | BUFG/O          | None       |           4 |               0 |  0 |      0 |    3 |   0 |  0 |    0 |   0 |       0 | clkgen0/xc7l.v/in0 |
+-----------+-------+-----------------+------------+-------------+-----------------+----+--------+------+-----+----+------+-----+---------+--------------------+
* Clock Loads column represents the clock pin loads (pin count)
** Non-Clock Loads column represents the non-clock pin loads (pin count)
*** Columns FF, LUTRAM, RAMB through 'Hard IP' represents load cell counts


17. Clock Region Cell Placement per Global Clock: Region X0Y1
-------------------------------------------------------------

+-----------+-------+-----------------+------------+-------------+-----------------+------+--------+------+-----+----+------+-----+---------+-----------------------------------------------------------------------+
| Global Id | Track | Driver Type/Pin | Constraint | Clock Loads | Non-Clock Loads | FF   | LUTRAM | RAMB | DSP | GT | MMCM | PLL | Hard IP | Net                                                                   |
+-----------+-------+-----------------+------------+-------------+-----------------+------+--------+------+-----+----+------+-----+---------+-----------------------------------------------------------------------+
| g0        | n/a   | BUFG/O          | None       |        1429 |               0 | 1424 |      2 |    2 |   0 |  0 |    0 |   1 |       0 | clkgen0/xc7l.v/in0                                                    |
| g1        | n/a   | BUFG/O          | None       |           4 |               0 |    4 |      0 |    0 |   0 |  0 |    0 |   0 |       0 | ddrc/nftphy.ddr_phy0/ddr_phy0/seppads.phywop/xc4v.ddr_phy0/CLK        |
| g2        | n/a   | BUFG/O          | None       |         100 |               0 |  100 |      0 |    0 |   0 |  0 |    0 |   0 |       0 | ahbjtag0/gtckbuf.tckbuf/xil.xil0/CLK                                  |
| g6        | n/a   | BUFG/O          | None       |           1 |               0 |    0 |      0 |    0 |   0 |  0 |    0 |   1 |       0 | ddrc/nftphy.ddr_phy0/ddr_phy0/seppads.phywop/xc4v.ddr_phy0/ddrdllfbin |
+-----------+-------+-----------------+------------+-------------+-----------------+------+--------+------+-----+----+------+-----+---------+-----------------------------------------------------------------------+
* Clock Loads column represents the clock pin loads (pin count)
** Non-Clock Loads column represents the non-clock pin loads (pin count)
*** Columns FF, LUTRAM, RAMB through 'Hard IP' represents load cell counts


18. Clock Region Cell Placement per Global Clock: Region X1Y1
-------------------------------------------------------------

+-----------+-------+-----------------+------------+-------------+-----------------+------+--------+------+-----+----+------+-----+---------+--------------------------------------------------------------------+
| Global Id | Track | Driver Type/Pin | Constraint | Clock Loads | Non-Clock Loads | FF   | LUTRAM | RAMB | DSP | GT | MMCM | PLL | Hard IP | Net                                                                |
+-----------+-------+-----------------+------------+-------------+-----------------+------+--------+------+-----+----+------+-----+---------+--------------------------------------------------------------------+
| g0        | n/a   | BUFG/O          | None       |        1270 |               0 | 1245 |      0 |   16 |   1 |  0 |    0 |   0 |       0 | clkgen0/xc7l.v/in0                                                 |
| g1        | n/a   | BUFG/O          | None       |         116 |               0 |   81 |      0 |    0 |   0 |  0 |    0 |   1 |       0 | ddrc/nftphy.ddr_phy0/ddr_phy0/seppads.phywop/xc4v.ddr_phy0/CLK     |
| g2        | n/a   | BUFG/O          | None       |          17 |               0 |   17 |      0 |    0 |   0 |  0 |    0 |   0 |       0 | ahbjtag0/gtckbuf.tckbuf/xil.xil0/CLK                               |
| g3        | n/a   | BUFG/O          | None       |          21 |               0 |    0 |      0 |    0 |   0 |  0 |    0 |   0 |       0 | ddrc/nftphy.ddr_phy0/ddr_phy0/seppads.phywop/xc4v.ddr_phy0/clk180r |
| g4        | n/a   | BUFG/O          | None       |           3 |               0 |    0 |      0 |    0 |   0 |  0 |    0 |   0 |       0 | ddrc/nftphy.ddr_phy0/ddr_phy0/seppads.phywop/xc4v.ddr_phy0/clk90r  |
| g5        | n/a   | BUFG/O          | None       |           1 |               0 |    0 |      0 |    0 |   0 |  0 |    0 |   0 |       0 | ddrc/nftphy.ddr_phy0/ddr_phy0/seppads.phywop/xc4v.ddr_phy0/clk200  |
| g7        | n/a   | BUFG/O          | None       |           1 |               0 |    0 |      0 |    0 |   0 |  0 |    0 |   1 |       0 | ddrc/nftphy.ddr_phy0/ddr_phy0/seppads.phywop/xc4v.ddr_phy0/dllfbin |
+-----------+-------+-----------------+------------+-------------+-----------------+------+--------+------+-----+----+------+-----+---------+--------------------------------------------------------------------+
* Clock Loads column represents the clock pin loads (pin count)
** Non-Clock Loads column represents the non-clock pin loads (pin count)
*** Columns FF, LUTRAM, RAMB through 'Hard IP' represents load cell counts


19. Clock Region Cell Placement per Global Clock: Region X0Y2
-------------------------------------------------------------

+-----------+-------+-----------------+------------+-------------+-----------------+-----+--------+------+-----+----+------+-----+---------+----------------------------------------------------------------+
| Global Id | Track | Driver Type/Pin | Constraint | Clock Loads | Non-Clock Loads | FF  | LUTRAM | RAMB | DSP | GT | MMCM | PLL | Hard IP | Net                                                            |
+-----------+-------+-----------------+------------+-------------+-----------------+-----+--------+------+-----+----+------+-----+---------+----------------------------------------------------------------+
| g0        | n/a   | BUFG/O          | None       |         229 |               0 | 229 |      0 |    0 |   0 |  0 |    0 |   0 |       0 | clkgen0/xc7l.v/in0                                             |
| g1        | n/a   | BUFG/O          | None       |           8 |               0 |   8 |      0 |    0 |   0 |  0 |    0 |   0 |       0 | ddrc/nftphy.ddr_phy0/ddr_phy0/seppads.phywop/xc4v.ddr_phy0/CLK |
+-----------+-------+-----------------+------------+-------------+-----------------+-----+--------+------+-----+----+------+-----+---------+----------------------------------------------------------------+
* Clock Loads column represents the clock pin loads (pin count)
** Non-Clock Loads column represents the non-clock pin loads (pin count)
*** Columns FF, LUTRAM, RAMB through 'Hard IP' represents load cell counts


20. Clock Region Cell Placement per Global Clock: Region X1Y2
-------------------------------------------------------------

+-----------+-------+-----------------+------------+-------------+-----------------+-----+--------+------+-----+----+------+-----+---------+--------------------------------------------------------------------+
| Global Id | Track | Driver Type/Pin | Constraint | Clock Loads | Non-Clock Loads | FF  | LUTRAM | RAMB | DSP | GT | MMCM | PLL | Hard IP | Net                                                                |
+-----------+-------+-----------------+------------+-------------+-----------------+-----+--------+------+-----+----+------+-----+---------+--------------------------------------------------------------------+
| g0        | n/a   | BUFG/O          | None       |         131 |               0 | 131 |      0 |    0 |   0 |  0 |    0 |   0 |       0 | clkgen0/xc7l.v/in0                                                 |
| g1        | n/a   | BUFG/O          | None       |         287 |               0 | 287 |      0 |    0 |   0 |  0 |    0 |   0 |       0 | ddrc/nftphy.ddr_phy0/ddr_phy0/seppads.phywop/xc4v.ddr_phy0/CLK     |
| g3        | n/a   | BUFG/O          | None       |           4 |               0 |   4 |      0 |    0 |   0 |  0 |    0 |   0 |       0 | ddrc/nftphy.ddr_phy0/ddr_phy0/seppads.phywop/xc4v.ddr_phy0/clk180r |
| g4        | n/a   | BUFG/O          | None       |           2 |               0 |   2 |      0 |    0 |   0 |  0 |    0 |   0 |       0 | ddrc/nftphy.ddr_phy0/ddr_phy0/seppads.phywop/xc4v.ddr_phy0/clk90r  |
+-----------+-------+-----------------+------------+-------------+-----------------+-----+--------+------+-----+----+------+-----+---------+--------------------------------------------------------------------+
* Clock Loads column represents the clock pin loads (pin count)
** Non-Clock Loads column represents the non-clock pin loads (pin count)
*** Columns FF, LUTRAM, RAMB through 'Hard IP' represents load cell counts


21. Clock Region Cell Placement per Global Clock: Region X0Y3
-------------------------------------------------------------

+-----------+-------+-----------------+------------+-------------+-----------------+----+--------+------+-----+----+------+-----+---------+--------------------------------------------------------------------+
| Global Id | Track | Driver Type/Pin | Constraint | Clock Loads | Non-Clock Loads | FF | LUTRAM | RAMB | DSP | GT | MMCM | PLL | Hard IP | Net                                                                |
+-----------+-------+-----------------+------------+-------------+-----------------+----+--------+------+-----+----+------+-----+---------+--------------------------------------------------------------------+
| g1        | n/a   | BUFG/O          | None       |          32 |               0 | 16 |      0 |    0 |   0 |  0 |    0 |   0 |       0 | ddrc/nftphy.ddr_phy0/ddr_phy0/seppads.phywop/xc4v.ddr_phy0/CLK     |
| g3        | n/a   | BUFG/O          | None       |          16 |               0 |  0 |      0 |    0 |   0 |  0 |    0 |   0 |       0 | ddrc/nftphy.ddr_phy0/ddr_phy0/seppads.phywop/xc4v.ddr_phy0/clk180r |
| g5        | n/a   | BUFG/O          | None       |           1 |               0 |  0 |      0 |    0 |   0 |  0 |    0 |   0 |       0 | ddrc/nftphy.ddr_phy0/ddr_phy0/seppads.phywop/xc4v.ddr_phy0/clk200  |
+-----------+-------+-----------------+------------+-------------+-----------------+----+--------+------+-----+----+------+-----+---------+--------------------------------------------------------------------+
* Clock Loads column represents the clock pin loads (pin count)
** Non-Clock Loads column represents the non-clock pin loads (pin count)
*** Columns FF, LUTRAM, RAMB through 'Hard IP' represents load cell counts



# Location of BUFG Primitives 
set_property LOC BUFGCTRL_X0Y7 [get_cells ddrc/nftphy.ddr_phy0/ddr_phy0/seppads.phywop/xc4v.ddr_phy0/norefclkx.V7_refdll.bufg0_fb]
set_property LOC BUFGCTRL_X0Y5 [get_cells ddrc/nftphy.ddr_phy0/ddr_phy0/seppads.phywop/xc4v.ddr_phy0/V7_dll.bufg2]
set_property LOC BUFGCTRL_X0Y6 [get_cells ddrc/nftphy.ddr_phy0/ddr_phy0/seppads.phywop/xc4v.ddr_phy0/clkscale.V7_ddrdll.bufg1_fb]
set_property LOC BUFGCTRL_X0Y2 [get_cells ddrc/nftphy.ddr_phy0/ddr_phy0/seppads.phywop/xc4v.ddr_phy0/bufg2]
set_property LOC BUFGCTRL_X0Y3 [get_cells ddrc/nftphy.ddr_phy0/ddr_phy0/seppads.phywop/xc4v.ddr_phy0/norefclkx.bufg0]
set_property LOC BUFGCTRL_X0Y1 [get_cells ddrc/nftphy.ddr_phy0/ddr_phy0/seppads.phywop/xc4v.ddr_phy0/V7_dll.bufg3]
set_property LOC BUFGCTRL_X0Y0 [get_cells ddrc/nftphy.ddr_phy0/ddr_phy0/seppads.phywop/xc4v.ddr_phy0/clkscale.bufg0]
set_property LOC BUFGCTRL_X0Y16 [get_cells clkgen0/xc7l.v/bufgclk0]
set_property LOC BUFGCTRL_X0Y4 [get_cells ahbjtag0/gtckbuf.tckbuf/xil.xil0/buf2.buf]

# Location of IO Primitives which is load of clock spine

# Location of clock ports
set_property LOC IOB_X1Y126 [get_ports sys_clk_i]

# Clock net "ddrc/nftphy.ddr_phy0/ddr_phy0/seppads.phywop/xc4v.ddr_phy0/clk90r" driven by instance "ddrc/nftphy.ddr_phy0/ddr_phy0/seppads.phywop/xc4v.ddr_phy0/bufg2" located at site "BUFGCTRL_X0Y2"
#startgroup
create_pblock {CLKAG_ddrc/nftphy.ddr_phy0/ddr_phy0/seppads.phywop/xc4v.ddr_phy0/clk90r}
add_cells_to_pblock [get_pblocks  {CLKAG_ddrc/nftphy.ddr_phy0/ddr_phy0/seppads.phywop/xc4v.ddr_phy0/clk90r}] [get_cells -filter { PRIMITIVE_GROUP != I/O && IS_PRIMITIVE==1 && PRIMITIVE_LEVEL !=INTERNAL } -of_object [get_pins -filter {DIRECTION==IN} -of_objects [get_nets -hierarchical -filter {PARENT=="ddrc/nftphy.ddr_phy0/ddr_phy0/seppads.phywop/xc4v.ddr_phy0/clk90r"}]]]
resize_pblock [get_pblocks {CLKAG_ddrc/nftphy.ddr_phy0/ddr_phy0/seppads.phywop/xc4v.ddr_phy0/clk90r}] -add {CLOCKREGION_X1Y1:CLOCKREGION_X1Y1 CLOCKREGION_X1Y2:CLOCKREGION_X1Y2}
#endgroup

# Clock net "ddrc/nftphy.ddr_phy0/ddr_phy0/seppads.phywop/xc4v.ddr_phy0/clk200" driven by instance "ddrc/nftphy.ddr_phy0/ddr_phy0/seppads.phywop/xc4v.ddr_phy0/norefclkx.bufg0" located at site "BUFGCTRL_X0Y3"
#startgroup
create_pblock {CLKAG_ddrc/nftphy.ddr_phy0/ddr_phy0/seppads.phywop/xc4v.ddr_phy0/clk200}
add_cells_to_pblock [get_pblocks  {CLKAG_ddrc/nftphy.ddr_phy0/ddr_phy0/seppads.phywop/xc4v.ddr_phy0/clk200}] [get_cells -filter { PRIMITIVE_GROUP != I/O && IS_PRIMITIVE==1 && PRIMITIVE_LEVEL !=INTERNAL } -of_object [get_pins -filter {DIRECTION==IN} -of_objects [get_nets -hierarchical -filter {PARENT=="ddrc/nftphy.ddr_phy0/ddr_phy0/seppads.phywop/xc4v.ddr_phy0/clk200"}]]]
resize_pblock [get_pblocks {CLKAG_ddrc/nftphy.ddr_phy0/ddr_phy0/seppads.phywop/xc4v.ddr_phy0/clk200}] -add {CLOCKREGION_X0Y3:CLOCKREGION_X0Y3 CLOCKREGION_X1Y1:CLOCKREGION_X1Y1}
#endgroup

# Clock net "ddrc/nftphy.ddr_phy0/ddr_phy0/seppads.phywop/xc4v.ddr_phy0/clk180r" driven by instance "ddrc/nftphy.ddr_phy0/ddr_phy0/seppads.phywop/xc4v.ddr_phy0/V7_dll.bufg3" located at site "BUFGCTRL_X0Y1"
#startgroup
create_pblock {CLKAG_ddrc/nftphy.ddr_phy0/ddr_phy0/seppads.phywop/xc4v.ddr_phy0/clk180r}
add_cells_to_pblock [get_pblocks  {CLKAG_ddrc/nftphy.ddr_phy0/ddr_phy0/seppads.phywop/xc4v.ddr_phy0/clk180r}] [get_cells -filter { PRIMITIVE_GROUP != I/O && IS_PRIMITIVE==1 && PRIMITIVE_LEVEL !=INTERNAL } -of_object [get_pins -filter {DIRECTION==IN} -of_objects [get_nets -hierarchical -filter {PARENT=="ddrc/nftphy.ddr_phy0/ddr_phy0/seppads.phywop/xc4v.ddr_phy0/clk180r"}]]]
resize_pblock [get_pblocks {CLKAG_ddrc/nftphy.ddr_phy0/ddr_phy0/seppads.phywop/xc4v.ddr_phy0/clk180r}] -add {CLOCKREGION_X0Y3:CLOCKREGION_X0Y3 CLOCKREGION_X1Y1:CLOCKREGION_X1Y1 CLOCKREGION_X1Y2:CLOCKREGION_X1Y2}
#endgroup

# Clock net "ddrc/nftphy.ddr_phy0/ddr_phy0/seppads.phywop/xc4v.ddr_phy0/CLK" driven by instance "ddrc/nftphy.ddr_phy0/ddr_phy0/seppads.phywop/xc4v.ddr_phy0/clkscale.bufg0" located at site "BUFGCTRL_X0Y0"
#startgroup
create_pblock {CLKAG_ddrc/nftphy.ddr_phy0/ddr_phy0/seppads.phywop/xc4v.ddr_phy0/CLK}
add_cells_to_pblock [get_pblocks  {CLKAG_ddrc/nftphy.ddr_phy0/ddr_phy0/seppads.phywop/xc4v.ddr_phy0/CLK}] [get_cells -filter { PRIMITIVE_GROUP != I/O && IS_PRIMITIVE==1 && PRIMITIVE_LEVEL !=INTERNAL && NAME!=ddrc/nftphy.ddr_phy0/ddr_phy0/seppads.phywop/xc4v.ddr_phy0/V7_dll.PLLE2_ADV_inst} -of_object [get_pins -filter {DIRECTION==IN} -of_objects [get_nets -hierarchical -filter {PARENT=="ddrc/nftphy.ddr_phy0/ddr_phy0/seppads.phywop/xc4v.ddr_phy0/CLK"}]]]
resize_pblock [get_pblocks {CLKAG_ddrc/nftphy.ddr_phy0/ddr_phy0/seppads.phywop/xc4v.ddr_phy0/CLK}] -add {CLOCKREGION_X0Y1:CLOCKREGION_X0Y1 CLOCKREGION_X0Y2:CLOCKREGION_X0Y2 CLOCKREGION_X0Y3:CLOCKREGION_X0Y3 CLOCKREGION_X1Y1:CLOCKREGION_X1Y1 CLOCKREGION_X1Y2:CLOCKREGION_X1Y2}
#endgroup

# Clock net "clkgen0/xc7l.v/in0" driven by instance "clkgen0/xc7l.v/bufgclk0" located at site "BUFGCTRL_X0Y16"
#startgroup
create_pblock {CLKAG_clkgen0/xc7l.v/in0}
add_cells_to_pblock [get_pblocks  {CLKAG_clkgen0/xc7l.v/in0}] [get_cells -filter { PRIMITIVE_GROUP != I/O && IS_PRIMITIVE==1 && PRIMITIVE_LEVEL !=INTERNAL && NAME!=ddrc/nftphy.ddr_phy0/ddr_phy0/seppads.phywop/xc4v.ddr_phy0/norefclkx.V7_refdll.PLLE2_ADV_inst && NAME!=ddrc/nftphy.ddr_phy0/ddr_phy0/seppads.phywop/xc4v.ddr_phy0/clkscale.V7_ddrdll.PLLE2_ADV_inst} -of_object [get_pins -filter {DIRECTION==IN} -of_objects [get_nets -hierarchical -filter {PARENT=="clkgen0/xc7l.v/in0"}]]]
resize_pblock [get_pblocks {CLKAG_clkgen0/xc7l.v/in0}] -add {CLOCKREGION_X0Y1:CLOCKREGION_X0Y1 CLOCKREGION_X0Y2:CLOCKREGION_X0Y2 CLOCKREGION_X1Y0:CLOCKREGION_X1Y0 CLOCKREGION_X1Y1:CLOCKREGION_X1Y1 CLOCKREGION_X1Y2:CLOCKREGION_X1Y2}
#endgroup

# Clock net "ahbjtag0/gtckbuf.tckbuf/xil.xil0/CLK" driven by instance "ahbjtag0/gtckbuf.tckbuf/xil.xil0/buf2.buf" located at site "BUFGCTRL_X0Y4"
#startgroup
create_pblock {CLKAG_ahbjtag0/gtckbuf.tckbuf/xil.xil0/CLK}
add_cells_to_pblock [get_pblocks  {CLKAG_ahbjtag0/gtckbuf.tckbuf/xil.xil0/CLK}] [get_cells -filter { PRIMITIVE_GROUP != I/O && IS_PRIMITIVE==1 && PRIMITIVE_LEVEL !=INTERNAL } -of_object [get_pins -filter {DIRECTION==IN} -of_objects [get_nets -hierarchical -filter {PARENT=="ahbjtag0/gtckbuf.tckbuf/xil.xil0/CLK"}]]]
resize_pblock [get_pblocks {CLKAG_ahbjtag0/gtckbuf.tckbuf/xil.xil0/CLK}] -add {CLOCKREGION_X0Y1:CLOCKREGION_X0Y1 CLOCKREGION_X1Y1:CLOCKREGION_X1Y1}
#endgroup
